[0.004s] Invoking command in '/home/student/ros2_ws/build/turtlebot3_simulations': AMENT_PREFIX_PATH=/home/student/ros2_ws/install/turtlebot3_gazebo:/home/student/ros2_ws/install/turtlebot3_fake_node:${AMENT_PREFIX_PATH} CMAKE_PREFIX_PATH=/home/student/ros2_ws/install/turtlebot3_gazebo:/home/student/ros2_ws/install/turtlebot3_fake_node:/home/student/ros2_ws/install/my_robot_controller:/opt/ros/humble /usr/bin/cmake /home/student/ros2_ws/src/turtlebot3_simulations/turtlebot3_simulations -DAMENT_CMAKE_SYMLINK_INSTALL=1 -DCMAKE_INSTALL_PREFIX=/home/student/ros2_ws/install/turtlebot3_simulations
[0.033s] -- The C compiler identification is GNU 11.4.0
[0.062s] -- The CXX compiler identification is GNU 11.4.0
[0.066s] -- Detecting C compiler ABI info
[0.102s] -- Detecting C compiler ABI info - done
[0.106s] -- Check for working C compiler: /usr/bin/cc - skipped
[0.106s] -- Detecting C compile features
[0.106s] -- Detecting C compile features - done
[0.108s] -- Detecting CXX compiler ABI info
[0.149s] -- Detecting CXX compiler ABI info - done
[0.153s] -- Check for working CXX compiler: /usr/bin/c++ - skipped
[0.154s] -- Detecting CXX compile features
[0.154s] -- Detecting CXX compile features - done
[0.156s] -- Found ament_cmake: 1.3.11 (/opt/ros/humble/share/ament_cmake/cmake)
[0.238s] -- Found Python3: /usr/bin/python3 (found version "3.10.12") found components: Interpreter 
[0.271s] -- Override CMake install command with custom implementation using symlinks instead of copying resources
[0.330s] -- Configuring done
[0.331s] -- Generating done
[0.332s] -- Build files have been written to: /home/student/ros2_ws/build/turtlebot3_simulations
[0.334s] Invoked command in '/home/student/ros2_ws/build/turtlebot3_simulations' returned '0': AMENT_PREFIX_PATH=/home/student/ros2_ws/install/turtlebot3_gazebo:/home/student/ros2_ws/install/turtlebot3_fake_node:${AMENT_PREFIX_PATH} CMAKE_PREFIX_PATH=/home/student/ros2_ws/install/turtlebot3_gazebo:/home/student/ros2_ws/install/turtlebot3_fake_node:/home/student/ros2_ws/install/my_robot_controller:/opt/ros/humble /usr/bin/cmake /home/student/ros2_ws/src/turtlebot3_simulations/turtlebot3_simulations -DAMENT_CMAKE_SYMLINK_INSTALL=1 -DCMAKE_INSTALL_PREFIX=/home/student/ros2_ws/install/turtlebot3_simulations
[0.335s] Invoking command in '/home/student/ros2_ws/build/turtlebot3_simulations': AMENT_PREFIX_PATH=/home/student/ros2_ws/install/turtlebot3_gazebo:/home/student/ros2_ws/install/turtlebot3_fake_node:${AMENT_PREFIX_PATH} CMAKE_PREFIX_PATH=/home/student/ros2_ws/install/turtlebot3_gazebo:/home/student/ros2_ws/install/turtlebot3_fake_node:/home/student/ros2_ws/install/my_robot_controller:/opt/ros/humble /usr/bin/cmake --build /home/student/ros2_ws/build/turtlebot3_simulations -- -j20 -l20
[0.355s] Invoked command in '/home/student/ros2_ws/build/turtlebot3_simulations' returned '0': AMENT_PREFIX_PATH=/home/student/ros2_ws/install/turtlebot3_gazebo:/home/student/ros2_ws/install/turtlebot3_fake_node:${AMENT_PREFIX_PATH} CMAKE_PREFIX_PATH=/home/student/ros2_ws/install/turtlebot3_gazebo:/home/student/ros2_ws/install/turtlebot3_fake_node:/home/student/ros2_ws/install/my_robot_controller:/opt/ros/humble /usr/bin/cmake --build /home/student/ros2_ws/build/turtlebot3_simulations -- -j20 -l20
[0.356s] Invoking command in '/home/student/ros2_ws/build/turtlebot3_simulations': AMENT_PREFIX_PATH=/home/student/ros2_ws/install/turtlebot3_gazebo:/home/student/ros2_ws/install/turtlebot3_fake_node:${AMENT_PREFIX_PATH} CMAKE_PREFIX_PATH=/home/student/ros2_ws/install/turtlebot3_gazebo:/home/student/ros2_ws/install/turtlebot3_fake_node:/home/student/ros2_ws/install/my_robot_controller:/opt/ros/humble /usr/bin/cmake --install /home/student/ros2_ws/build/turtlebot3_simulations
[0.359s] -- Install configuration: ""
[0.359s] -- Execute custom install script
[0.360s] -- Symlinking: /home/student/ros2_ws/install/turtlebot3_simulations/share/ament_index/resource_index/package_run_dependencies/turtlebot3_simulations
[0.364s] -- Symlinking: /home/student/ros2_ws/install/turtlebot3_simulations/share/ament_index/resource_index/parent_prefix_path/turtlebot3_simulations
[0.368s] -- Symlinking: /home/student/ros2_ws/install/turtlebot3_simulations/share/turtlebot3_simulations/environment/ament_prefix_path.sh
[0.372s] -- Symlinking: /home/student/ros2_ws/install/turtlebot3_simulations/share/turtlebot3_simulations/environment/ament_prefix_path.dsv
[0.376s] -- Symlinking: /home/student/ros2_ws/install/turtlebot3_simulations/share/turtlebot3_simulations/environment/path.sh
[0.381s] -- Symlinking: /home/student/ros2_ws/install/turtlebot3_simulations/share/turtlebot3_simulations/environment/path.dsv
[0.385s] -- Symlinking: /home/student/ros2_ws/install/turtlebot3_simulations/share/turtlebot3_simulations/local_setup.bash
[0.389s] -- Symlinking: /home/student/ros2_ws/install/turtlebot3_simulations/share/turtlebot3_simulations/local_setup.sh
[0.393s] -- Symlinking: /home/student/ros2_ws/install/turtlebot3_simulations/share/turtlebot3_simulations/local_setup.zsh
[0.397s] -- Symlinking: /home/student/ros2_ws/install/turtlebot3_simulations/share/turtlebot3_simulations/local_setup.dsv
[0.402s] -- Symlinking: /home/student/ros2_ws/install/turtlebot3_simulations/share/turtlebot3_simulations/package.dsv
[0.406s] -- Symlinking: /home/student/ros2_ws/install/turtlebot3_simulations/share/ament_index/resource_index/packages/turtlebot3_simulations
[0.410s] -- Symlinking: /home/student/ros2_ws/install/turtlebot3_simulations/share/turtlebot3_simulations/cmake/turtlebot3_simulationsConfig.cmake
[0.414s] -- Symlinking: /home/student/ros2_ws/install/turtlebot3_simulations/share/turtlebot3_simulations/cmake/turtlebot3_simulationsConfig-version.cmake
[0.419s] -- Symlinking: /home/student/ros2_ws/install/turtlebot3_simulations/share/turtlebot3_simulations/package.xml
[0.424s] Invoked command in '/home/student/ros2_ws/build/turtlebot3_simulations' returned '0': AMENT_PREFIX_PATH=/home/student/ros2_ws/install/turtlebot3_gazebo:/home/student/ros2_ws/install/turtlebot3_fake_node:${AMENT_PREFIX_PATH} CMAKE_PREFIX_PATH=/home/student/ros2_ws/install/turtlebot3_gazebo:/home/student/ros2_ws/install/turtlebot3_fake_node:/home/student/ros2_ws/install/my_robot_controller:/opt/ros/humble /usr/bin/cmake --install /home/student/ros2_ws/build/turtlebot3_simulations
