[0.015s] Invoking command in '/home/student/ros2_ws/build/turtlebot3_fake_node': CMAKE_PREFIX_PATH=${CMAKE_PREFIX_PATH}:/home/student/ros2_ws/install/my_robot_controller:/opt/ros/humble /usr/bin/cmake --build /home/student/ros2_ws/build/turtlebot3_fake_node -- -j20 -l20
[0.060s] [35m[1mConsolidate compiler generated dependencies of target turtlebot3_fake_node[0m
[0.088s] [100%] Built target turtlebot3_fake_node
[0.155s] Invoked command in '/home/student/ros2_ws/build/turtlebot3_fake_node' returned '0': CMAKE_PREFIX_PATH=${CMAKE_PREFIX_PATH}:/home/student/ros2_ws/install/my_robot_controller:/opt/ros/humble /usr/bin/cmake --build /home/student/ros2_ws/build/turtlebot3_fake_node -- -j20 -l20
[0.161s] Invoking command in '/home/student/ros2_ws/build/turtlebot3_fake_node': CMAKE_PREFIX_PATH=${CMAKE_PREFIX_PATH}:/home/student/ros2_ws/install/my_robot_controller:/opt/ros/humble /usr/bin/cmake --install /home/student/ros2_ws/build/turtlebot3_fake_node
[0.165s] -- Install configuration: ""
[0.166s] -- Execute custom install script
[0.166s] -- Up-to-date symlink: /home/student/ros2_ws/install/turtlebot3_fake_node/lib/turtlebot3_fake_node/turtlebot3_fake_node
[0.166s] -- Up-to-date symlink: /home/student/ros2_ws/install/turtlebot3_fake_node/share/turtlebot3_fake_node/launch/rviz2.launch.py
[0.166s] -- Up-to-date symlink: /home/student/ros2_ws/install/turtlebot3_fake_node/share/turtlebot3_fake_node/launch/turtlebot3_fake_node.launch.py
[0.166s] -- Up-to-date symlink: /home/student/ros2_ws/install/turtlebot3_fake_node/share/turtlebot3_fake_node/param/burger.yaml
[0.166s] -- Up-to-date symlink: /home/student/ros2_ws/install/turtlebot3_fake_node/share/turtlebot3_fake_node/param/waffle.yaml
[0.166s] -- Up-to-date symlink: /home/student/ros2_ws/install/turtlebot3_fake_node/share/turtlebot3_fake_node/param/waffle_pi.yaml
[0.167s] -- Up-to-date symlink: /home/student/ros2_ws/install/turtlebot3_fake_node/include//turtlebot3_fake_node/turtlebot3_fake_node.hpp
[0.167s] -- Up-to-date symlink: /home/student/ros2_ws/install/turtlebot3_fake_node/share/ament_index/resource_index/package_run_dependencies/turtlebot3_fake_node
[0.167s] -- Up-to-date symlink: /home/student/ros2_ws/install/turtlebot3_fake_node/share/ament_index/resource_index/parent_prefix_path/turtlebot3_fake_node
[0.167s] -- Up-to-date symlink: /home/student/ros2_ws/install/turtlebot3_fake_node/share/turtlebot3_fake_node/environment/ament_prefix_path.sh
[0.167s] -- Up-to-date symlink: /home/student/ros2_ws/install/turtlebot3_fake_node/share/turtlebot3_fake_node/environment/ament_prefix_path.dsv
[0.167s] -- Up-to-date symlink: /home/student/ros2_ws/install/turtlebot3_fake_node/share/turtlebot3_fake_node/environment/path.sh
[0.167s] -- Up-to-date symlink: /home/student/ros2_ws/install/turtlebot3_fake_node/share/turtlebot3_fake_node/environment/path.dsv
[0.167s] -- Up-to-date symlink: /home/student/ros2_ws/install/turtlebot3_fake_node/share/turtlebot3_fake_node/local_setup.bash
[0.167s] -- Up-to-date symlink: /home/student/ros2_ws/install/turtlebot3_fake_node/share/turtlebot3_fake_node/local_setup.sh
[0.167s] -- Up-to-date symlink: /home/student/ros2_ws/install/turtlebot3_fake_node/share/turtlebot3_fake_node/local_setup.zsh
[0.167s] -- Up-to-date symlink: /home/student/ros2_ws/install/turtlebot3_fake_node/share/turtlebot3_fake_node/local_setup.dsv
[0.167s] -- Symlinking: /home/student/ros2_ws/install/turtlebot3_fake_node/share/turtlebot3_fake_node/package.dsv
[0.172s] -- Up-to-date symlink: /home/student/ros2_ws/install/turtlebot3_fake_node/share/ament_index/resource_index/packages/turtlebot3_fake_node
[0.172s] -- Up-to-date symlink: /home/student/ros2_ws/install/turtlebot3_fake_node/share/turtlebot3_fake_node/cmake/ament_cmake_export_include_directories-extras.cmake
[0.173s] -- Up-to-date symlink: /home/student/ros2_ws/install/turtlebot3_fake_node/share/turtlebot3_fake_node/cmake/ament_cmake_export_dependencies-extras.cmake
[0.173s] -- Up-to-date symlink: /home/student/ros2_ws/install/turtlebot3_fake_node/share/turtlebot3_fake_node/cmake/turtlebot3_fake_nodeConfig.cmake
[0.173s] -- Up-to-date symlink: /home/student/ros2_ws/install/turtlebot3_fake_node/share/turtlebot3_fake_node/cmake/turtlebot3_fake_nodeConfig-version.cmake
[0.173s] -- Up-to-date symlink: /home/student/ros2_ws/install/turtlebot3_fake_node/share/turtlebot3_fake_node/package.xml
[0.174s] Invoked command in '/home/student/ros2_ws/build/turtlebot3_fake_node' returned '0': CMAKE_PREFIX_PATH=${CMAKE_PREFIX_PATH}:/home/student/ros2_ws/install/my_robot_controller:/opt/ros/humble /usr/bin/cmake --install /home/student/ros2_ws/build/turtlebot3_fake_node
