[0.312s] Invoking command in '/home/student/ros2_ws/src/my_robot_controller': PYTHONPATH=/home/student/ros2_ws/build/my_robot_controller/prefix_override:/usr/lib/python3/dist-packages/colcon_core/task/python/colcon_distutils_commands:/home/student/ros2_ws/install/my_robot_controller/lib/python3.10/site-packages:${PYTHONPATH} /usr/bin/python3 -W ignore:setup.py install is deprecated -W ignore:easy_install command is deprecated setup.py egg_info --egg-base ../../build/my_robot_controller build --build-base /home/student/ros2_ws/build/my_robot_controller/build install --record /home/student/ros2_ws/build/my_robot_controller/install.log --single-version-externally-managed install_data
[0.423s] running egg_info
[0.423s] creating ../../build/my_robot_controller/my_robot_controller.egg-info
[0.423s] writing ../../build/my_robot_controller/my_robot_controller.egg-info/PKG-INFO
[0.423s] writing dependency_links to ../../build/my_robot_controller/my_robot_controller.egg-info/dependency_links.txt
[0.423s] writing entry points to ../../build/my_robot_controller/my_robot_controller.egg-info/entry_points.txt
[0.423s] writing requirements to ../../build/my_robot_controller/my_robot_controller.egg-info/requires.txt
[0.423s] writing top-level names to ../../build/my_robot_controller/my_robot_controller.egg-info/top_level.txt
[0.423s] writing manifest file '../../build/my_robot_controller/my_robot_controller.egg-info/SOURCES.txt'
[0.424s] reading manifest file '../../build/my_robot_controller/my_robot_controller.egg-info/SOURCES.txt'
[0.424s] writing manifest file '../../build/my_robot_controller/my_robot_controller.egg-info/SOURCES.txt'
[0.425s] running build
[0.425s] running build_py
[0.425s] creating /home/student/ros2_ws/build/my_robot_controller/build
[0.425s] creating /home/student/ros2_ws/build/my_robot_controller/build/lib
[0.425s] creating /home/student/ros2_ws/build/my_robot_controller/build/lib/my_robot_controller
[0.425s] copying my_robot_controller/__init__.py -> /home/student/ros2_ws/build/my_robot_controller/build/lib/my_robot_controller
[0.425s] copying my_robot_controller/my_first_node.py -> /home/student/ros2_ws/build/my_robot_controller/build/lib/my_robot_controller
[0.434s] running install
[0.434s] running install_lib
[0.434s] creating /home/student/ros2_ws/install/my_robot_controller/lib/python3.10/site-packages/my_robot_controller
[0.434s] copying /home/student/ros2_ws/build/my_robot_controller/build/lib/my_robot_controller/__init__.py -> /home/student/ros2_ws/install/my_robot_controller/lib/python3.10/site-packages/my_robot_controller
[0.435s] copying /home/student/ros2_ws/build/my_robot_controller/build/lib/my_robot_controller/my_first_node.py -> /home/student/ros2_ws/install/my_robot_controller/lib/python3.10/site-packages/my_robot_controller
[0.435s] byte-compiling /home/student/ros2_ws/install/my_robot_controller/lib/python3.10/site-packages/my_robot_controller/__init__.py to __init__.cpython-310.pyc
[0.435s] byte-compiling /home/student/ros2_ws/install/my_robot_controller/lib/python3.10/site-packages/my_robot_controller/my_first_node.py to my_first_node.cpython-310.pyc
[0.435s] running install_data
[0.435s] creating /home/student/ros2_ws/install/my_robot_controller/share/ament_index
[0.435s] creating /home/student/ros2_ws/install/my_robot_controller/share/ament_index/resource_index
[0.435s] creating /home/student/ros2_ws/install/my_robot_controller/share/ament_index/resource_index/packages
[0.435s] copying resource/my_robot_controller -> /home/student/ros2_ws/install/my_robot_controller/share/ament_index/resource_index/packages
[0.435s] copying package.xml -> /home/student/ros2_ws/install/my_robot_controller/share/my_robot_controller
[0.435s] running install_egg_info
[0.436s] Copying ../../build/my_robot_controller/my_robot_controller.egg-info to /home/student/ros2_ws/install/my_robot_controller/lib/python3.10/site-packages/my_robot_controller-0.0.0-py3.10.egg-info
[0.437s] running install_scripts
[0.447s] Installing test_node script to /home/student/ros2_ws/install/my_robot_controller/lib/my_robot_controller
[0.447s] writing list of installed files to '/home/student/ros2_ws/build/my_robot_controller/install.log'
[0.459s] Invoked command in '/home/student/ros2_ws/src/my_robot_controller' returned '0': PYTHONPATH=/home/student/ros2_ws/build/my_robot_controller/prefix_override:/usr/lib/python3/dist-packages/colcon_core/task/python/colcon_distutils_commands:/home/student/ros2_ws/install/my_robot_controller/lib/python3.10/site-packages:${PYTHONPATH} /usr/bin/python3 -W ignore:setup.py install is deprecated -W ignore:easy_install command is deprecated setup.py egg_info --egg-base ../../build/my_robot_controller build --build-base /home/student/ros2_ws/build/my_robot_controller/build install --record /home/student/ros2_ws/build/my_robot_controller/install.log --single-version-externally-managed install_data
