[0.322s] Invoking command in '/home/student/ros2_ws/build/my_robot_controller': PYTHONPATH=/home/student/ros2_ws/build/my_robot_controller/prefix_override:/usr/lib/python3/dist-packages/colcon_core/task/python/colcon_distutils_commands:/home/student/ros2_ws/install/my_robot_controller/lib/python3.10/site-packages:${PYTHONPATH} /usr/bin/python3 -W ignore:setup.py install is deprecated -W ignore:easy_install command is deprecated setup.py develop --editable --build-directory /home/student/ros2_ws/build/my_robot_controller/build --no-deps symlink_data
[0.446s] running develop
[0.511s] running egg_info
[0.511s] writing my_robot_controller.egg-info/PKG-INFO
[0.511s] writing dependency_links to my_robot_controller.egg-info/dependency_links.txt
[0.511s] writing entry points to my_robot_controller.egg-info/entry_points.txt
[0.511s] writing requirements to my_robot_controller.egg-info/requires.txt
[0.511s] writing top-level names to my_robot_controller.egg-info/top_level.txt
[0.512s] reading manifest file 'my_robot_controller.egg-info/SOURCES.txt'
[0.513s] writing manifest file 'my_robot_controller.egg-info/SOURCES.txt'
[0.513s] running build_ext
[0.513s] Creating /home/student/ros2_ws/install/my_robot_controller/lib/python3.10/site-packages/my-robot-controller.egg-link (link to .)
[0.514s] Installing draw_circle script to /home/student/ros2_ws/install/my_robot_controller/lib/my_robot_controller
[0.514s] Installing mapping script to /home/student/ros2_ws/install/my_robot_controller/lib/my_robot_controller
[0.514s] Installing pose_sub script to /home/student/ros2_ws/install/my_robot_controller/lib/my_robot_controller
[0.514s] Installing test_node script to /home/student/ros2_ws/install/my_robot_controller/lib/my_robot_controller
[0.514s] Installing turtle_controller script to /home/student/ros2_ws/install/my_robot_controller/lib/my_robot_controller
[0.514s] 
[0.514s] Installed /home/student/ros2_ws/build/my_robot_controller
[0.514s] running symlink_data
[0.529s] Invoked command in '/home/student/ros2_ws/build/my_robot_controller' returned '0': PYTHONPATH=/home/student/ros2_ws/build/my_robot_controller/prefix_override:/usr/lib/python3/dist-packages/colcon_core/task/python/colcon_distutils_commands:/home/student/ros2_ws/install/my_robot_controller/lib/python3.10/site-packages:${PYTHONPATH} /usr/bin/python3 -W ignore:setup.py install is deprecated -W ignore:easy_install command is deprecated setup.py develop --editable --build-directory /home/student/ros2_ws/build/my_robot_controller/build --no-deps symlink_data
